<?xml version="1.0" encoding="UTF-8"?>
<testsuite xmlns:xsi="http://www.w3.org/2001/XMLSchema-instance" xsi:noNamespaceSchemaLocation="https://maven.apache.org/surefire/maven-surefire-plugin/xsd/surefire-test-report.xsd" version="3.0.2" name="com.expression.parser.ComplexTest" time="0.056" tests="3" errors="0" skipped="0" failures="0">
  <properties>
[...]
</properties>
  <testcase name="TestOne" classname="com.expression.parser.ComplexTest" time="0.011">
    <system-out><![CDATA[real:1.0 imag:1.0
real:1.0 imag:3.0
real:3.0 imag:3.0
real:3.0 imag:6.0
real:-11.000000000000004 imag:-1.9999999999999973
real:-11.000000000000004 imag:1.9999999999999973
real:2.4141568686511508 imag:2.9617391537973154
real:1.0484550065040283 imag:1.2862669713309804
real:0.30028310600077657 imag:3.3301906767855614
real:0.6628558929948345 imag:0.3271184710098071
real:0.19658134857820908 imag:0.758133225516818
real:0.03543314322660282 imag:-0.06951340234674241
real:0.03543314322660282 imag:-0.06951340234674241
real:553.5501223532531 imag:-38.55500630181468
real:2847048.2544272067 imag:1810397.8937584711
real:-3.000000000000825 imag:-4.000000000000726
real:4.177396646578185 imag:0.5256449471598219
real:5.803894224758176 imag:11.129190774731054
real:0.9348271503983473 imag:0.42616088672356495
real:10.944992983920486 imag:12.359124636924806
real:-16.73722931144932 imag:-7.665052576046686
]]></system-out>
  </testcase>
  <testcase name="TestTwo" classname="com.expression.parser.ComplexTest" time="0.001">
    <system-out><![CDATA[real:-0.014557356694281182 imag:4.0856892327903265E-4
real:5.92391246725083E-5 imag:0.0
real:-0.5024692307417822 imag:-0.864595091449033
real:1.0 imag:3.0
real:-1.0 imag:1.0
]]></system-out>
  </testcase>
  <testcase name="TestThree" classname="com.expression.parser.ComplexTest" time="0.001">
    <system-out><![CDATA[String Expressions-->real:3.0 imag:2.0
String Expressions-->real:6.0 imag:2.0
String Expressions-->real:6.0 imag:1.0
]]></system-out>
  </testcase>
</testsuite>